

============================== 2022-01-10 14:02:34.284607 | d9a384f3-34b7-422a-97f7-621ca930c786 ==============================
14:02:34.284607 [info ] [MainThread]: Running with dbt=1.0.1
14:02:34.285619 [debug] [MainThread]: running dbt with arguments Namespace(cls=<class 'dbt.task.init.InitTask'>, debug=None, defer=None, event_buffer_size=None, fail_fast=None, log_cache_events=False, log_format=None, partial_parse=None, printer_width=None, profile=None, profiles_dir='C:\\Users\\Admin\\.dbt', project_dir=None, project_name='spark_dbt', record_timing_info=None, rpc_method=None, send_anonymous_usage_stats=None, single_threaded=False, skip_profile_setup=False, state=None, static_parser=None, target=None, use_colors=None, use_experimental_parser=None, vars='{}', version_check=None, warn_error=None, which='init', write_json=None)
14:02:34.311617 [debug] [MainThread]: Tracking: tracking
14:02:34.322626 [debug] [MainThread]: Sending event: {'category': 'dbt', 'action': 'invocation', 'label': 'start', 'context': [<snowplow_tracker.self_describing_json.SelfDescribingJson object at 0x00000202D5C07CA0>, <snowplow_tracker.self_describing_json.SelfDescribingJson object at 0x00000202D5C07790>, <snowplow_tracker.self_describing_json.SelfDescribingJson object at 0x00000202D5C07BB0>]}
14:02:34.323628 [debug] [MainThread]: Starter project path: c:\users\admin\appdata\local\programs\python\python38\lib\site-packages\dbt\include\starter_project
14:04:19.690276 [info ] [MainThread]: Profile spark_dbt written to C:\Users\Admin\.dbt\profiles.yml using target's profile_template.yml and your supplied values. Run 'dbt debug' to validate the connection.
14:04:19.691278 [info ] [MainThread]: 
Your new dbt project "spark_dbt" was created!

For more information on how to configure the profiles.yml file,
please consult the dbt documentation here:

  https://docs.getdbt.com/docs/configure-your-profile

One more thing:

Need help? Don't hesitate to reach out to us via GitHub issues or on Slack:

  https://community.getdbt.com/

Happy modeling!

14:04:19.694277 [debug] [MainThread]: Sending event: {'category': 'dbt', 'action': 'invocation', 'label': 'end', 'context': [<snowplow_tracker.self_describing_json.SelfDescribingJson object at 0x00000202C637A460>, <snowplow_tracker.self_describing_json.SelfDescribingJson object at 0x00000202D58BB760>, <snowplow_tracker.self_describing_json.SelfDescribingJson object at 0x00000202D58BBB80>]}


============================== 2022-01-10 14:08:56.242970 | 88c7e4e2-1cda-4ce7-9e6d-b0b54effb5ef ==============================
14:08:56.242970 [info ] [MainThread]: Running with dbt=1.0.1
14:08:56.253748 [debug] [MainThread]: running dbt with arguments Namespace(cls=<class 'dbt.task.debug.DebugTask'>, config_dir=False, debug=None, defer=None, event_buffer_size=None, fail_fast=None, log_cache_events=False, log_format=None, partial_parse=None, printer_width=None, profile=None, profiles_dir='C:\\Users\\Admin\\.dbt', project_dir=None, record_timing_info=None, rpc_method=None, send_anonymous_usage_stats=None, single_threaded=False, state=None, static_parser=None, target=None, use_colors=None, use_experimental_parser=None, vars='{}', version_check=None, warn_error=None, which='debug', write_json=None)
14:08:56.254680 [debug] [MainThread]: Tracking: tracking
14:08:56.265696 [debug] [MainThread]: Sending event: {'category': 'dbt', 'action': 'invocation', 'label': 'start', 'context': [<snowplow_tracker.self_describing_json.SelfDescribingJson object at 0x00000288A53A7BE0>, <snowplow_tracker.self_describing_json.SelfDescribingJson object at 0x00000288A5078520>, <snowplow_tracker.self_describing_json.SelfDescribingJson object at 0x00000288A50786A0>]}
14:08:57.119503 [debug] [MainThread]: Executing "git --help"
14:08:57.183504 [debug] [MainThread]: STDOUT: "b"usage: git [--version] [--help] [-C <path>] [-c <name>=<value>]\n           [--exec-path[=<path>]] [--html-path] [--man-path] [--info-path]\n           [-p | --paginate | -P | --no-pager] [--no-replace-objects] [--bare]\n           [--git-dir=<path>] [--work-tree=<path>] [--namespace=<name>]\n           [--super-prefix=<path>] [--config-env=<name>=<envvar>]\n           <command> [<args>]\n\nThese are common Git commands used in various situations:\n\nstart a working area (see also: git help tutorial)\n   clone             Clone a repository into a new directory\n   init              Create an empty Git repository or reinitialize an existing one\n\nwork on the current change (see also: git help everyday)\n   add               Add file contents to the index\n   mv                Move or rename a file, a directory, or a symlink\n   restore           Restore working tree files\n   rm                Remove files from the working tree and from the index\n   sparse-checkout   Initialize and modify the sparse-checkout\n\nexamine the history and state (see also: git help revisions)\n   bisect            Use binary search to find the commit that introduced a bug\n   diff              Show changes between commits, commit and working tree, etc\n   grep              Print lines matching a pattern\n   log               Show commit logs\n   show              Show various types of objects\n   status            Show the working tree status\n\ngrow, mark and tweak your common history\n   branch            List, create, or delete branches\n   commit            Record changes to the repository\n   merge             Join two or more development histories together\n   rebase            Reapply commits on top of another base tip\n   reset             Reset current HEAD to the specified state\n   switch            Switch branches\n   tag               Create, list, delete or verify a tag object signed with GPG\n\ncollaborate (see also: git help workflows)\n   fetch             Download objects and refs from another repository\n   pull              Fetch from and integrate with another repository or a local branch\n   push              Update remote refs along with associated objects\n\n'git help -a' and 'git help -g' list available subcommands and some\nconcept guides. See 'git help <command>' or 'git help <concept>'\nto read about a specific subcommand or concept.\nSee 'git help git' for an overview of the system.\n""
14:08:57.183504 [debug] [MainThread]: STDERR: "b''"
14:08:57.189503 [debug] [MainThread]: Sending event: {'category': 'dbt', 'action': 'invocation', 'label': 'end', 'context': [<snowplow_tracker.self_describing_json.SelfDescribingJson object at 0x00000288A5A20190>, <snowplow_tracker.self_describing_json.SelfDescribingJson object at 0x00000288A5CD1BB0>, <snowplow_tracker.self_describing_json.SelfDescribingJson object at 0x00000288A5CD1910>]}
